<?xml version="1.0" encoding="UTF-8"?>
<!-- Generated by org.testng.reporters.JUnitReportReporter -->
<testsuite skipped="0" hostname="DESKTOP-M10IA97" name="Chart" tests="1" failures="0" timestamp="10 Jul 2018 05:31:04 GMT" time="3.000" errors="0">
  <testcase name="tes1" time="3.000" classname="Chart"/>
</testsuite> <!-- Chart -->
