<?xml version="1.0" encoding="UTF-8"?>
<!-- Generated by org.testng.reporters.JUnitReportReporter -->
<testsuite skipped="0" hostname="DESKTOP-M10IA97" name="AddTocart.Bookonline" tests="1" failures="0" timestamp="10 Jul 2018 06:04:45 GMT" time="65.221" errors="0">
  <testcase name="main" time="65.221" classname="AddTocart.Bookonline"/>
</testsuite> <!-- AddTocart.Bookonline -->
