<?xml version="1.0" encoding="UTF-8"?>
<!-- Generated by org.testng.reporters.JUnitReportReporter -->
<testsuite skipped="0" hostname="DESKTOP-M10IA97" name="dbconnect" tests="1" failures="0" timestamp="10 Jul 2018 05:36:03 GMT" time="0.830" errors="0">
  <testcase name="main" time="0.830" classname="dbconnect"/>
</testsuite> <!-- dbconnect -->
