<?xml version="1.0" encoding="UTF-8"?>
<!-- Generated by org.testng.reporters.JUnitReportReporter -->
<testsuite skipped="0" hostname="DESKTOP-M10IA97" name="Createtabel" tests="1" failures="0" timestamp="10 Jul 2018 05:35:10 GMT" time="1.375" errors="0">
  <testcase name="test" time="1.375" classname="Createtabel"/>
</testsuite> <!-- Createtabel -->
