<?xml version="1.0" encoding="UTF-8"?>
<!-- Generated by org.testng.reporters.JUnitReportReporter -->
<testsuite skipped="0" hostname="DESKTOP-M10IA97" name="TestNGbasics.TestNG" tests="2" failures="0" timestamp="10 Jul 2018 06:54:06 GMT" time="0.024" errors="0">
  <testcase name="testCase1" time="0.016" classname="TestNGbasics.TestNG"/>
  <testcase name="testCase2" time="0.008" classname="TestNGbasics.TestNG"/>
</testsuite> <!-- TestNGbasics.TestNG -->
