<?xml version="1.0" encoding="UTF-8"?>
<!-- Generated by org.testng.reporters.JUnitReportReporter -->
<testsuite skipped="0" hostname="DESKTOP-M10IA97" name="NamestartJohn" tests="1" failures="0" timestamp="10 Jul 2018 05:45:46 GMT" time="0.857" errors="0">
  <testcase name="main" time="0.857" classname="NamestartJohn"/>
</testsuite> <!-- NamestartJohn -->
